# JRE version: OpenJDK Runtime Environment (21.0.3) (build 21.0.3+-12282718-b509.11)
# Java VM: OpenJDK 64-Bit Server VM (21.0.3+-12282718-b509.11, mixed mode, tiered, compressed oops, compressed class ptrs, g1 gc, windows-amd64)
GC Precious Log:
 CardTable entry size: 512
 Card Set container configuration: InlinePtr #cards 5 size 8 Array Of Cards #cards 12 size 40 Howl #buckets 4 coarsen threshold 1843 Howl Bitmap #cards 512 size 80 coarsen threshold 460 Card regions per heap region 1 cards per card region 2048
 CPUs: 4 total, 4 available
 Memory: 7985M
 Large Page Support: Disabled
 NUMA Support: Disabled
 Compressed Oops: Enabled (32-bit)
 Heap Region Size: 1M
 Heap Min Capacity: 8M
 Heap Initial Capacity: 126M
 Heap Max Capacity: 2G
 Pre-touch: Disabled
 Parallel Workers: 4
 Concurrent Workers: 1
 Concurrent Refinement Workers: 4
 Periodic GC: Disabled
Heap:
 garbage-first heap   total 401408K, used 231424K [0x0000000080000000, 0x0000000100000000)
  region size 1024K, 81 young (82944K), 19 survivors (19456K)
 Metaspace       used 150803K, committed 155840K, reserved 1245184K
  class space    used 20019K, committed 21888K, reserved 1048576K
GC Heap History (20 events):
Event: 605.097 GC heap before
{Heap before GC invocations=69 (full 0):
 garbage-first heap   total 342016K, used 339957K [0x0000000080000000, 0x0000000100000000)
  region size 1024K, 111 young (113664K), 4 survivors (4096K)
 Metaspace       used 150130K, committed 152512K, reserved 1245184K
  class space    used 20546K, committed 21760K, reserved 1048576K
}
Event: 605.133 GC heap after
{Heap after GC invocations=70 (full 0):
 garbage-first heap   total 353280K, used 151667K [0x0000000080000000, 0x0000000100000000)
  region size 1024K, 11 young (11264K), 11 survivors (11264K)
 Metaspace       used 150130K, committed 152512K, reserved 1245184K
  class space    used 20546K, committed 21760K, reserved 1048576K
}
Event: 636.003 GC heap before
{Heap before GC invocations=70 (full 0):
 garbage-first heap   total 353280K, used 321651K [0x0000000080000000, 0x0000000100000000)
  region size 1024K, 178 young (182272K), 11 survivors (11264K)
 Metaspace       used 150566K, committed 152960K, reserved 1245184K
  class space    used 20548K, committed 21760K, reserved 1048576K
}
Event: 636.149 GC heap after
{Heap after GC invocations=71 (full 0):
 garbage-first heap   total 353280K, used 159000K [0x0000000080000000, 0x0000000100000000)
  region size 1024K, 20 young (20480K), 20 survivors (20480K)
 Metaspace       used 150566K, committed 152960K, reserved 1245184K
  class space    used 20548K, committed 21760K, reserved 1048576K
}
Event: 638.341 GC heap before
{Heap before GC invocations=71 (full 0):
 garbage-first heap   total 353280K, used 231704K [0x0000000080000000, 0x0000000100000000)
  region size 1024K, 93 young (95232K), 20 survivors (20480K)
 Metaspace       used 150799K, committed 153152K, reserved 1245184K
  class space    used 20550K, committed 21760K, reserved 1048576K
}
Event: 638.457 GC heap after
{Heap after GC invocations=72 (full 0):
 garbage-first heap   total 353280K, used 157426K [0x0000000080000000, 0x0000000100000000)
  region size 1024K, 8 young (8192K), 8 survivors (8192K)
 Metaspace       used 150799K, committed 153152K, reserved 1245184K
  class space    used 20550K, committed 21760K, reserved 1048576K
}
Event: 805.188 GC heap before
{Heap before GC invocations=73 (full 0):
 garbage-first heap   total 353280K, used 351986K [0x0000000080000000, 0x0000000100000000)
  region size 1024K, 170 young (174080K), 8 survivors (8192K)
 Metaspace       used 151285K, committed 153664K, reserved 1245184K
  class space    used 20556K, committed 21760K, reserved 1048576K
}
Event: 805.262 GC heap after
{Heap after GC invocations=74 (full 0):
 garbage-first heap   total 375808K, used 171762K [0x0000000080000000, 0x0000000100000000)
  region size 1024K, 22 young (22528K), 22 survivors (22528K)
 Metaspace       used 151285K, committed 153664K, reserved 1245184K
  class space    used 20556K, committed 21760K, reserved 1048576K
}
Event: 927.308 GC heap before
{Heap before GC invocations=74 (full 0):
 garbage-first heap   total 375808K, used 362226K [0x0000000080000000, 0x0000000100000000)
  region size 1024K, 180 young (184320K), 22 survivors (22528K)
 Metaspace       used 151723K, committed 154112K, reserved 1245184K
  class space    used 20565K, committed 21824K, reserved 1048576K
}
Event: 927.446 GC heap after
{Heap after GC invocations=75 (full 0):
 garbage-first heap   total 397312K, used 180224K [0x0000000080000000, 0x0000000100000000)
  region size 1024K, 13 young (13312K), 13 survivors (13312K)
 Metaspace       used 151723K, committed 154112K, reserved 1245184K
  class space    used 20565K, committed 21824K, reserved 1048576K
}
Event: 1020.933 GC heap before
{Heap before GC invocations=75 (full 0):
 garbage-first heap   total 397312K, used 358400K [0x0000000080000000, 0x0000000100000000)
  region size 1024K, 188 young (192512K), 13 survivors (13312K)
 Metaspace       used 151978K, committed 154368K, reserved 1245184K
  class space    used 20587K, committed 21824K, reserved 1048576K
}
Event: 1021.006 GC heap after
{Heap after GC invocations=76 (full 0):
 garbage-first heap   total 397312K, used 187392K [0x0000000080000000, 0x0000000100000000)
  region size 1024K, 8 young (8192K), 8 survivors (8192K)
 Metaspace       used 151978K, committed 154368K, reserved 1245184K
  class space    used 20587K, committed 21824K, reserved 1048576K
}
Event: 1022.264 GC heap before
{Heap before GC invocations=76 (full 0):
 garbage-first heap   total 397312K, used 361472K [0x0000000080000000, 0x0000000100000000)
  region size 1024K, 178 young (182272K), 8 survivors (8192K)
 Metaspace       used 152003K, committed 154432K, reserved 1245184K
  class space    used 20587K, committed 21824K, reserved 1048576K
}
Event: 1022.283 GC heap after
{Heap after GC invocations=77 (full 0):
 garbage-first heap   total 397312K, used 185667K [0x0000000080000000, 0x0000000100000000)
  region size 1024K, 6 young (6144K), 6 survivors (6144K)
 Metaspace       used 152003K, committed 154432K, reserved 1245184K
  class space    used 20587K, committed 21824K, reserved 1048576K
}
Event: 1103.567 GC heap before
{Heap before GC invocations=78 (full 0):
 garbage-first heap   total 397312K, used 388419K [0x0000000080000000, 0x0000000100000000)
  region size 1024K, 184 young (188416K), 6 survivors (6144K)
 Metaspace       used 152335K, committed 154688K, reserved 1245184K
  class space    used 20592K, committed 21824K, reserved 1048576K
}
Event: 1103.585 GC heap after
{Heap after GC invocations=79 (full 0):
 garbage-first heap   total 401408K, used 182272K [0x0000000080000000, 0x0000000100000000)
  region size 1024K, 11 young (11264K), 11 survivors (11264K)
 Metaspace       used 152335K, committed 154688K, reserved 1245184K
  class space    used 20592K, committed 21824K, reserved 1048576K
}
Event: 2392.013 GC heap before
{Heap before GC invocations=79 (full 0):
 garbage-first heap   total 401408K, used 366592K [0x0000000080000000, 0x0000000100000000)
  region size 1024K, 192 young (196608K), 11 survivors (11264K)
 Metaspace       used 152748K, committed 155136K, reserved 1245184K
  class space    used 20595K, committed 21824K, reserved 1048576K
}
Event: 2392.419 GC heap after
{Heap after GC invocations=80 (full 0):
 garbage-first heap   total 401408K, used 164864K [0x0000000080000000, 0x0000000100000000)
  region size 1024K, 14 young (14336K), 14 survivors (14336K)
 Metaspace       used 152748K, committed 155136K, reserved 1245184K
  class space    used 20595K, committed 21824K, reserved 1048576K
}
Event: 2748.572 GC heap before
{Heap before GC invocations=80 (full 0):
 garbage-first heap   total 401408K, used 364544K [0x0000000080000000, 0x0000000100000000)
  region size 1024K, 210 young (215040K), 14 survivors (14336K)
 Metaspace       used 153438K, committed 155840K, reserved 1245184K
  class space    used 20657K, committed 21888K, reserved 1048576K
}
Event: 2748.783 GC heap after
{Heap after GC invocations=81 (full 0):
 garbage-first heap   total 401408K, used 169984K [0x0000000080000000, 0x0000000100000000)
  region size 1024K, 19 young (19456K), 19 survivors (19456K)
 Metaspace       used 153438K, committed 155840K, reserved 1245184K
  class space    used 20657K, committed 21888K, reserved 1048576K
}

